npm ERR! code ERESOLVE
npm ERR! ERESOLVE unable to resolve dependency tree
npm ERR! 
npm ERR! While resolving: yc_directory@0.1.0
npm ERR! Found: next@15.4.0-canary.84
npm ERR! node_modules/next
npm ERR!   next@"^15.4.0-canary.81" from the root project
npm ERR! 
npm ERR! Could not resolve dependency:
npm ERR! peer next@"^13.2.0 || ^14.0 || ^15.0.0-rc.0" from @sentry/nextjs@9.29.0
npm ERR! node_modules/@sentry/nextjs
npm ERR!   @sentry/nextjs@"9.29.0" from the root project
npm ERR! 
npm ERR! Fix the upstream dependency conflict, or retry
npm ERR! this command with --force or --legacy-peer-deps
npm ERR! to accept an incorrect (and potentially broken) dependency resolution.
npm ERR! 
npm ERR! 
npm ERR! For a full report see:
npm ERR! C:\Users\Asus\AppData\Local\npm-cache\_logs\2025-06-17T07_52_55_940Z-eresolve-report.txt

npm ERR! A complete log of this run can be found in: C:\Users\Asus\AppData\Local\npm-cache\_logs\2025-06-17T07_52_55_940Z-debug-0.log
